<?xml version="1.0" encoding="UTF-8"?>
<!-- Generated by org.testng.reporters.JUnitReportReporter -->
<testsuite hostname="DESKTOP-20DEPKN" failures="0" tests="5" name="testNgPractice.MultipleTestCasesPractice2" time="0.015" errors="0" timestamp="2022-05-25T07:49:30 IST" skipped="2">
  <testcase classname="testNgPractice.MultipleTestCasesPractice2" name="testC" time="0.012"/>
  <system-out/>
  <testcase classname="testNgPractice.MultipleTestCasesPractice2" name="testE" time="0.002"/>
  <system-out/>
  <testcase classname="testNgPractice.MultipleTestCasesPractice2" name="testD" time="0.001"/>
  <system-out/>
  <testcase classname="testNgPractice.MultipleTestCasesPractice2" name="testA">
    <skipped/>
  </testcase> <!-- testA -->
  <system-out/>
  <testcase classname="testNgPractice.MultipleTestCasesPractice2" name="testB">
    <skipped/>
  </testcase> <!-- testB -->
  <system-out/>
</testsuite> <!-- testNgPractice.MultipleTestCasesPractice2 -->
