<?xml version="1.0" encoding="UTF-8"?>
<!-- Generated by org.testng.reporters.JUnitReportReporter -->
<testsuite hostname="DESKTOP-20DEPKN" failures="0" tests="1" name="com.Bigbasket.POMClasses.CheckTestNGClass" time="0.015" errors="0" timestamp="2022-05-22T07:18:18 IST" skipped="0">
  <testcase classname="com.Bigbasket.POMClasses.CheckTestNGClass" name="method1" time="0.015"/>
  <system-out/>
</testsuite> <!-- com.Bigbasket.POMClasses.CheckTestNGClass -->
