<?xml version="1.0" encoding="UTF-8"?>
<!-- Generated by org.testng.reporters.JUnitReportReporter -->
<testsuite hostname="DESKTOP-20DEPKN" failures="0" tests="2" name="com.SauceDemo.TestClasses.TC006SingleProductTestNG" time="59.657" errors="0" timestamp="2022-05-28T08:20:39 IST" skipped="0">
  <testcase classname="com.SauceDemo.TestClasses.TC006SingleProductTestNG" name="singleProductAddToCard" time="10.013"/>
  <system-out/>
  <testcase classname="com.SauceDemo.TestClasses.TC006SingleProductTestNG" name="singleProductAddToCard" time="49.644"/>
  <system-out/>
</testsuite> <!-- com.SauceDemo.TestClasses.TC006SingleProductTestNG -->
