<?xml version="1.0" encoding="UTF-8"?>
<!-- Generated by org.testng.reporters.JUnitReportReporter -->
<testsuite hostname="DESKTOP-20DEPKN" failures="0" tests="2" name="testNgPractice.TestNGProgram2" time="0.017" errors="0" timestamp="2022-05-24T07:02:37 IST" skipped="0">
  <testcase classname="testNgPractice.TestNGProgram2" name="verifyLoginFunctionality" time="0.008"/>
  <system-out/>
  <testcase classname="testNgPractice.TestNGProgram2" name="singleProductAddToCard" time="0.009"/>
  <system-out/>
</testsuite> <!-- testNgPractice.TestNGProgram2 -->
