<?xml version="1.0" encoding="UTF-8"?>
<!-- Generated by org.testng.reporters.JUnitReportReporter -->
<testsuite hostname="DESKTOP-20DEPKN" failures="0" tests="1" name="com.vctcpune.TestClasses.TC01TestClass" time="80.963" errors="0" timestamp="2022-05-23T14:08:00 IST" skipped="0">
  <testcase classname="com.vctcpune.TestClasses.TC01TestClass" name="SeleniumPracticeTest" time="80.963"/>
  <system-out/>
</testsuite> <!-- com.vctcpune.TestClasses.TC01TestClass -->
