<?xml version="1.0" encoding="UTF-8"?>
<!-- Generated by org.testng.reporters.JUnitReportReporter -->
<testsuite hostname="DESKTOP-20DEPKN" failures="0" tests="2" name="testNgPractice.Practice3" time="0.005" errors="0" timestamp="2022-05-25T20:24:15 IST" skipped="0">
  <testcase classname="testNgPractice.Practice3" name="testCase1" time="0.004"/>
  <system-out/>
  <testcase classname="testNgPractice.Practice3" name="testCase2" time="0.001"/>
  <system-out/>
</testsuite> <!-- testNgPractice.Practice3 -->
