<?xml version="1.0" encoding="UTF-8"?>
<!-- Generated by org.testng.reporters.JUnitReportReporter -->
<testsuite hostname="DESKTOP-20DEPKN" failures="0" tests="1" name="testNGPractice1.MulipleLinkTestCLass" time="0.323" errors="0" timestamp="2022-05-24T21:42:27 IST" skipped="0">
  <testcase classname="testNGPractice1.MulipleLinkTestCLass" name="multiple_link" time="0.323"/>
  <system-out/>
</testsuite> <!-- testNGPractice1.MulipleLinkTestCLass -->
