<?xml version="1.0" encoding="UTF-8"?>
<!-- Generated by org.testng.reporters.JUnitReportReporter -->
<testsuite hostname="DESKTOP-20DEPKN" failures="0" tests="1" name="TestNgPractice.Pratice1Program" time="0.013" errors="0" timestamp="2022-05-22T08:21:18 IST" skipped="0">
  <testcase classname="TestNgPractice.Pratice1Program" name="LoginTestCase" time="0.013"/>
  <system-out/>
</testsuite> <!-- TestNgPractice.Pratice1Program -->
