<?xml version="1.0" encoding="UTF-8"?>
<!-- Generated by org.testng.reporters.JUnitReportReporter -->
<testsuite hostname="DESKTOP-20DEPKN" failures="0" tests="9" name="testNgPractice.MultipleTestCasesPractice" time="0.028" errors="0" timestamp="2022-05-25T07:42:59 IST" skipped="0">
  <testcase classname="testNgPractice.MultipleTestCasesPractice" name="testA" time="0.001"/>
  <system-out/>
  <testcase classname="testNgPractice.MultipleTestCasesPractice" name="testA" time="0.004"/>
  <system-out/>
  <testcase classname="testNgPractice.MultipleTestCasesPractice" name="testA" time="0.001"/>
  <system-out/>
  <testcase classname="testNgPractice.MultipleTestCasesPractice" name="testA" time="0.002"/>
  <system-out/>
  <testcase classname="testNgPractice.MultipleTestCasesPractice" name="testA" time="0.014"/>
  <system-out/>
  <testcase classname="testNgPractice.MultipleTestCasesPractice" name="testF" time="0.001"/>
  <system-out/>
  <testcase classname="testNgPractice.MultipleTestCasesPractice" name="testG" time="0.001"/>
  <system-out/>
  <testcase classname="testNgPractice.MultipleTestCasesPractice" name="testD" time="0.001"/>
  <system-out/>
  <testcase classname="testNgPractice.MultipleTestCasesPractice" name="testE" time="0.003"/>
  <system-out/>
</testsuite> <!-- testNgPractice.MultipleTestCasesPractice -->
